2022-04-25 05:35:58-log: [Package] menu@1.0.0 enable
2022-04-25 05:35:58-log: [Package] profile@1.0.0 enable
2022-04-25 05:35:59-log: [Package] project@1.0.1 enable
2022-04-25 05:35:59-log: [Package] messages@1.0.0 enable
2022-04-25 05:35:59-log: [Package] program@1.0.0 enable
2022-04-25 05:35:59-log: [Package] device@1.0.1 enable
2022-04-25 05:35:59-log: [Package] ui-kit@1.0.1 enable
2022-04-25 05:35:59-log: [Package] tester@1.0.0 enable
2022-04-25 05:35:59-log: [Package] preferences@1.0.0 enable
2022-04-25 05:35:59-log: Setup mods mgr.: 290.244ms
2022-04-25 05:35:59-log: Profile changed: engine (modules.includeModules: 2d,audio,base,dragon-bones,gfx-webgl,gfx-webgl2,intersection-2d,marionette,particle-2d,physics-2d-box2d,profiler,spine,tiled-map,tween,ui,video,webview)
2022-04-25 05:35:59-log: [Package] engine@1.0.5 enable
2022-04-25 05:36:01-log: [Package] programming@1.0.0 enable
2022-04-25 05:36:02-log: [Package] engine-extends@1.0.0 enable
2022-04-25 05:36:02-log: [Package] asset-db@1.0.0 enable
2022-04-25 05:36:02-log: [Package] console@1.0.0 enable
2022-04-25 05:36:02-log: [Package] scene@1.0.0 enable
2022-04-25 05:36:02-log: [Package] about@1.0.0 enable
2022-04-25 05:36:02-log: [Package] server@1.0.0 enable
2022-04-25 05:36:02-log: [Package] utils@1.0.0 enable
2022-04-25 05:36:02-log: [Package] assets@1.0.0 enable
2022-04-25 05:36:02-log: [Package] inspector@1.0.0 enable
2022-04-25 05:36:02-log: [Package] hierarchy@1.0.0 enable
2022-04-25 05:36:03-log: [Package] preview@1.0.1 enable
2022-04-25 05:36:03-log: [Package] animator@1.0.0 enable
2022-04-25 05:36:04-log: [Package] builder@1.3.1 enable
2022-04-25 05:36:04-log: [Package] node-library@1.0.0 enable
2022-04-25 05:36:04-log: [Package] shortcuts@1.0.1 enable
2022-04-25 05:36:04-log: [Package] package-asset@1.0.0 enable
2022-04-25 05:36:05-log: [Package] reference-image@1.0.0 enable
2022-04-25 05:36:05-log: [Package] animation-graph@1.0.0 enable
2022-04-25 05:36:05-log: [Package] channel-upload-tools@1.0.0 enable
2022-04-25 05:36:05-log: [Package] runtime-dev-tools@1.0.0 enable
2022-04-25 05:36:05-log: [Package] lightmap@1.0.4 enable
2022-04-25 05:36:05-log: [Package] alipay-mini-game@1.0.0 enable
2022-04-25 05:36:05-log: [Package] android@1.0.0 enable
2022-04-25 05:36:05-log: [Package] baidu-mini-game@1.0.0 enable
2022-04-25 05:36:05-log: [Package] bytedance-mini-game@1.0.1 enable
2022-04-25 05:36:05-log: [Package] huawei-agc@1.0.0 enable
2022-04-25 05:36:05-log: [Package] ios@1.0.0 enable
2022-04-25 05:36:05-log: [Package] ios-app-clip@1.0.0 enable
2022-04-25 05:36:05-log: [Package] mac@1.0.0 enable
2022-04-25 05:36:05-log: [Package] native@1.0.0 enable
2022-04-25 05:36:05-log: [Package] ohos@1.0.0 enable
2022-04-25 05:36:05-log: [Package] web-desktop@1.0.0 enable
2022-04-25 05:36:05-log: [Package] web-mobile@1.0.0 enable
2022-04-25 05:36:05-log: [Package] wechatgame@1.0.1 enable
2022-04-25 05:36:05-log: [Package] windows@1.0.0 enable
2022-04-25 05:36:05-log: [Package] xiaomi-quick-game@1.0.0 enable
2022-04-25 05:36:05-log: [Package] cocos-play@1.0.0 enable
2022-04-25 05:36:05-log: [Package] huawei-quick-game@1.0.0 enable
2022-04-25 05:36:05-log: [Package] link-sure@1.0.0 enable
2022-04-25 05:36:05-log: [Package] oppo-mini-game@1.0.0 enable
2022-04-25 05:36:05-log: [Package] qtt@1.0.0 enable
2022-04-25 05:36:05-log: [Package] vivo-mini-game@1.0.0 enable
2022-04-25 05:36:06-log: [Package] cocos-service@3.0.2 enable
2022-04-25 05:36:06-log: [Package] importer@1.0.0 enable
2022-04-25 05:36:06-log: [Package] extension@3.0.15 enable
2022-04-25 05:36:06-log: [Im-plugin] Check im-plugin version.
2022-04-25 05:36:06-log: [Package] im-plugin@3.0.8 enable
2022-04-25 05:36:06-warn: Browserslist: caniuse-lite is outdated. Please run:
npx browserslist@latest --update-db

Why you should do it regularly:
https://github.com/browserslist/browserslist#browsers-data-updating
2022-04-25 05:36:06-log: [Scene] Cocos Creator v3.4.2
2022-04-25 05:36:06-info: [Scene] Forward render pipeline initialized.
2022-04-25 05:36:07-log: [Im-plugin] No online info of im-plugin.
2022-04-25 06:40:56-error: [Scene] Buffer binding 'CCLocal' at set 2 binding 0 is not bounded
2022-04-25 06:40:56-error: [Scene] Buffer binding 'CCLocal' at set 2 binding 0 is not bounded
2022-04-25 06:40:57-error: [Scene] Buffer binding 'CCLocal' at set 2 binding 0 is not bounded
2022-04-25 06:40:57-error: [Scene] Buffer binding 'CCLocal' at set 2 binding 0 is not bounded
2022-04-25 06:40:59-error: [Scene] Buffer binding 'CCLocal' at set 2 binding 0 is not bounded
2022-04-25 06:40:59-error: [Scene] Buffer binding 'CCLocal' at set 2 binding 0 is not bounded
2022-04-25 06:41:00-error: [Scene] Buffer binding 'CCLocal' at set 2 binding 0 is not bounded
2022-04-25 06:41:00-error: [Scene] Buffer binding 'CCLocal' at set 2 binding 0 is not bounded
2022-04-25 06:41:00-error: [Scene] Buffer binding 'CCLocal' at set 2 binding 0 is not bounded
2022-04-25 06:41:00-error: [Scene] Buffer binding 'CCLocal' at set 2 binding 0 is not bounded
2022-04-25 06:41:00-error: [Scene] Buffer binding 'CCLocal' at set 2 binding 0 is not bounded
2022-04-25 06:41:00-error: [Scene] Buffer binding 'CCLocal' at set 2 binding 0 is not bounded
2022-04-25 06:41:00-error: [Scene] Buffer binding 'CCLocal' at set 2 binding 0 is not bounded
2022-04-25 06:41:00-error: [Scene] Buffer binding 'CCLocal' at set 2 binding 0 is not bounded
2022-04-25 06:41:00-error: [Scene] Buffer binding 'CCLocal' at set 2 binding 0 is not bounded
2022-04-25 06:41:00-error: [Scene] Buffer binding 'CCLocal' at set 2 binding 0 is not bounded
2022-04-25 06:41:00-error: [Scene] Buffer binding 'CCLocal' at set 2 binding 0 is not bounded
2022-04-25 06:41:00-error: [Scene] Buffer binding 'CCLocal' at set 2 binding 0 is not bounded
2022-04-25 06:41:00-error: [Scene] Buffer binding 'CCLocal' at set 2 binding 0 is not bounded
2022-04-25 06:41:00-error: [Scene] Buffer binding 'CCLocal' at set 2 binding 0 is not bounded
2022-04-25 06:41:00-error: [Scene] Buffer binding 'CCLocal' at set 2 binding 0 is not bounded
2022-04-25 06:41:00-error: [Scene] Buffer binding 'CCLocal' at set 2 binding 0 is not bounded
2022-04-25 06:41:01-error: [Scene] Buffer binding 'CCLocal' at set 2 binding 0 is not bounded
2022-04-25 06:41:01-error: [Scene] Buffer binding 'CCLocal' at set 2 binding 0 is not bounded
2022-04-25 06:41:07-error: [Scene] Buffer binding 'CCLocal' at set 2 binding 0 is not bounded
2022-04-25 06:41:07-error: [Scene] Buffer binding 'CCLocal' at set 2 binding 0 is not bounded
2022-04-25 06:41:07-error: [Scene] Buffer binding 'CCLocal' at set 2 binding 0 is not bounded
2022-04-25 06:41:07-error: [Scene] Buffer binding 'CCLocal' at set 2 binding 0 is not bounded
2022-04-25 06:41:08-error: [Scene] Buffer binding 'CCLocal' at set 2 binding 0 is not bounded
2022-04-25 06:41:08-error: [Scene] Buffer binding 'CCLocal' at set 2 binding 0 is not bounded
2022-04-25 06:41:08-error: [Scene] Buffer binding 'CCLocal' at set 2 binding 0 is not bounded
2022-04-25 06:41:08-error: [Scene] Buffer binding 'CCLocal' at set 2 binding 0 is not bounded
2022-04-25 06:41:08-error: [Scene] Buffer binding 'CCLocal' at set 2 binding 0 is not bounded
2022-04-25 06:41:08-error: [Scene] Buffer binding 'CCLocal' at set 2 binding 0 is not bounded
2022-04-25 06:41:08-error: [Scene] Buffer binding 'CCLocal' at set 2 binding 0 is not bounded
2022-04-25 06:41:08-error: [Scene] Buffer binding 'CCLocal' at set 2 binding 0 is not bounded
2022-04-25 06:41:08-error: [Scene] Buffer binding 'CCLocal' at set 2 binding 0 is not bounded
2022-04-25 06:41:08-error: [Scene] Buffer binding 'CCLocal' at set 2 binding 0 is not bounded
2022-04-25 06:41:08-error: [Scene] Buffer binding 'CCLocal' at set 2 binding 0 is not bounded
2022-04-25 06:41:08-error: [Scene] Buffer binding 'CCLocal' at set 2 binding 0 is not bounded
2022-04-25 06:41:08-error: [Scene] Buffer binding 'CCLocal' at set 2 binding 0 is not bounded
2022-04-25 06:41:08-error: [Scene] Buffer binding 'CCLocal' at set 2 binding 0 is not bounded
2022-04-25 06:41:08-error: [Scene] Buffer binding 'CCLocal' at set 2 binding 0 is not bounded
2022-04-25 06:41:08-error: [Scene] Buffer binding 'CCLocal' at set 2 binding 0 is not bounded
2022-04-25 06:41:08-error: [Scene] Buffer binding 'CCLocal' at set 2 binding 0 is not bounded
2022-04-25 06:41:08-error: [Scene] Buffer binding 'CCLocal' at set 2 binding 0 is not bounded
2022-04-25 06:41:08-error: [Scene] Buffer binding 'CCLocal' at set 2 binding 0 is not bounded
2022-04-25 06:41:08-error: [Scene] Buffer binding 'CCLocal' at set 2 binding 0 is not bounded
2022-04-25 06:41:08-error: [Scene] Buffer binding 'CCLocal' at set 2 binding 0 is not bounded
2022-04-25 06:41:08-error: [Scene] Buffer binding 'CCLocal' at set 2 binding 0 is not bounded
2022-04-25 06:41:08-error: [Scene] Buffer binding 'CCLocal' at set 2 binding 0 is not bounded
2022-04-25 06:41:08-error: [Scene] Buffer binding 'CCLocal' at set 2 binding 0 is not bounded
2022-04-25 06:41:08-error: [Scene] Buffer binding 'CCLocal' at set 2 binding 0 is not bounded
2022-04-25 06:41:08-error: [Scene] Buffer binding 'CCLocal' at set 2 binding 0 is not bounded
2022-04-25 06:41:11-error: [Scene] Buffer binding 'CCLocal' at set 2 binding 0 is not bounded
2022-04-25 06:41:11-error: [Scene] Buffer binding 'CCLocal' at set 2 binding 0 is not bounded
2022-04-25 06:41:11-error: [Scene] Buffer binding 'CCLocal' at set 2 binding 0 is not bounded
2022-04-25 06:41:11-error: [Scene] Buffer binding 'CCLocal' at set 2 binding 0 is not bounded
2022-04-25 06:41:11-error: [Scene] Buffer binding 'CCLocal' at set 2 binding 0 is not bounded
2022-04-25 06:41:11-error: [Scene] Buffer binding 'CCLocal' at set 2 binding 0 is not bounded
2022-04-25 06:41:11-error: [Scene] Buffer binding 'CCLocal' at set 2 binding 0 is not bounded
2022-04-25 06:41:11-error: [Scene] Buffer binding 'CCLocal' at set 2 binding 0 is not bounded
2022-04-25 06:41:11-error: [Scene] Buffer binding 'CCLocal' at set 2 binding 0 is not bounded
2022-04-25 06:41:11-error: [Scene] Buffer binding 'CCLocal' at set 2 binding 0 is not bounded
2022-04-25 06:41:11-error: [Scene] Buffer binding 'CCLocal' at set 2 binding 0 is not bounded
2022-04-25 06:41:11-error: [Scene] Buffer binding 'CCLocal' at set 2 binding 0 is not bounded
2022-04-25 06:41:11-error: [Scene] Buffer binding 'CCLocal' at set 2 binding 0 is not bounded
2022-04-25 06:41:11-error: [Scene] Buffer binding 'CCLocal' at set 2 binding 0 is not bounded
2022-04-25 06:41:11-error: [Scene] Buffer binding 'CCLocal' at set 2 binding 0 is not bounded
2022-04-25 06:41:11-error: [Scene] Buffer binding 'CCLocal' at set 2 binding 0 is not bounded
2022-04-25 06:41:11-error: [Scene] Buffer binding 'CCLocal' at set 2 binding 0 is not bounded
2022-04-25 06:41:11-error: [Scene] Buffer binding 'CCLocal' at set 2 binding 0 is not bounded
2022-04-25 06:41:11-error: [Scene] Buffer binding 'CCLocal' at set 2 binding 0 is not bounded
2022-04-25 06:41:11-error: [Scene] Buffer binding 'CCLocal' at set 2 binding 0 is not bounded
2022-04-25 06:41:11-error: [Scene] Buffer binding 'CCLocal' at set 2 binding 0 is not bounded
2022-04-25 06:41:11-error: [Scene] Buffer binding 'CCLocal' at set 2 binding 0 is not bounded
2022-04-25 06:41:11-error: [Scene] Buffer binding 'CCLocal' at set 2 binding 0 is not bounded
2022-04-25 06:41:11-error: [Scene] Buffer binding 'CCLocal' at set 2 binding 0 is not bounded
2022-04-25 06:41:11-error: [Scene] Buffer binding 'CCLocal' at set 2 binding 0 is not bounded
2022-04-25 06:41:11-error: [Scene] Buffer binding 'CCLocal' at set 2 binding 0 is not bounded
2022-04-25 06:41:11-error: [Scene] Buffer binding 'CCLocal' at set 2 binding 0 is not bounded
2022-04-25 06:41:11-error: [Scene] Buffer binding 'CCLocal' at set 2 binding 0 is not bounded
2022-04-25 06:41:11-error: [Scene] Buffer binding 'CCLocal' at set 2 binding 0 is not bounded
2022-04-25 06:41:11-error: [Scene] Buffer binding 'CCLocal' at set 2 binding 0 is not bounded
2022-04-25 06:41:11-error: [Scene] Buffer binding 'CCLocal' at set 2 binding 0 is not bounded
2022-04-25 06:41:11-error: [Scene] Buffer binding 'CCLocal' at set 2 binding 0 is not bounded
2022-04-25 06:41:11-error: [Scene] Buffer binding 'CCLocal' at set 2 binding 0 is not bounded
2022-04-25 06:41:11-error: [Scene] Buffer binding 'CCLocal' at set 2 binding 0 is not bounded
2022-04-25 06:41:11-error: [Scene] Buffer binding 'CCLocal' at set 2 binding 0 is not bounded
2022-04-25 06:41:11-error: [Scene] Buffer binding 'CCLocal' at set 2 binding 0 is not bounded
2022-04-25 06:41:11-error: [Scene] Buffer binding 'CCLocal' at set 2 binding 0 is not bounded
2022-04-25 06:41:11-error: [Scene] Buffer binding 'CCLocal' at set 2 binding 0 is not bounded
2022-04-25 06:41:11-error: [Scene] Buffer binding 'CCLocal' at set 2 binding 0 is not bounded
2022-04-25 06:41:11-error: [Scene] Buffer binding 'CCLocal' at set 2 binding 0 is not bounded
2022-04-25 06:41:11-error: [Scene] Buffer binding 'CCLocal' at set 2 binding 0 is not bounded
2022-04-25 06:41:11-error: [Scene] Buffer binding 'CCLocal' at set 2 binding 0 is not bounded
2022-04-25 06:41:11-error: [Scene] Buffer binding 'CCLocal' at set 2 binding 0 is not bounded
2022-04-25 06:41:11-error: [Scene] Buffer binding 'CCLocal' at set 2 binding 0 is not bounded
2022-04-25 06:41:12-error: [Scene] Buffer binding 'CCLocal' at set 2 binding 0 is not bounded
2022-04-25 06:41:12-error: [Scene] Buffer binding 'CCLocal' at set 2 binding 0 is not bounded
2022-04-25 06:41:12-error: [Scene] Buffer binding 'CCLocal' at set 2 binding 0 is not bounded
2022-04-25 06:41:12-error: [Scene] Buffer binding 'CCLocal' at set 2 binding 0 is not bounded
2022-04-25 06:41:12-error: [Scene] Buffer binding 'CCLocal' at set 2 binding 0 is not bounded
2022-04-25 06:41:12-error: [Scene] Buffer binding 'CCLocal' at set 2 binding 0 is not bounded
2022-04-25 06:41:12-error: [Scene] Buffer binding 'CCLocal' at set 2 binding 0 is not bounded
2022-04-25 06:41:12-error: [Scene] Buffer binding 'CCLocal' at set 2 binding 0 is not bounded
2022-04-25 06:41:13-error: [Scene] Buffer binding 'CCLocal' at set 2 binding 0 is not bounded
2022-04-25 06:41:13-error: [Scene] Buffer binding 'CCLocal' at set 2 binding 0 is not bounded
2022-04-25 06:41:13-error: [Scene] Buffer binding 'CCLocal' at set 2 binding 0 is not bounded
2022-04-25 06:41:13-error: [Scene] Buffer binding 'CCLocal' at set 2 binding 0 is not bounded
2022-04-25 06:41:13-error: [Scene] Buffer binding 'CCLocal' at set 2 binding 0 is not bounded
2022-04-25 06:41:13-error: [Scene] Buffer binding 'CCLocal' at set 2 binding 0 is not bounded
2022-04-25 06:41:13-error: [Scene] Buffer binding 'CCLocal' at set 2 binding 0 is not bounded
2022-04-25 06:41:13-error: [Scene] Buffer binding 'CCLocal' at set 2 binding 0 is not bounded
2022-04-25 06:41:13-error: [Scene] Buffer binding 'CCLocal' at set 2 binding 0 is not bounded
2022-04-25 06:41:13-error: [Scene] Buffer binding 'CCLocal' at set 2 binding 0 is not bounded
2022-04-25 06:41:13-error: [Scene] Buffer binding 'CCLocal' at set 2 binding 0 is not bounded
2022-04-25 06:41:13-error: [Scene] Buffer binding 'CCLocal' at set 2 binding 0 is not bounded
2022-04-25 06:41:13-error: [Scene] Buffer binding 'CCLocal' at set 2 binding 0 is not bounded
2022-04-25 06:41:13-error: [Scene] Buffer binding 'CCLocal' at set 2 binding 0 is not bounded
2022-04-25 06:41:13-error: [Scene] Buffer binding 'CCLocal' at set 2 binding 0 is not bounded
2022-04-25 06:41:13-error: [Scene] Buffer binding 'CCLocal' at set 2 binding 0 is not bounded
2022-04-25 06:41:13-error: [Scene] Buffer binding 'CCLocal' at set 2 binding 0 is not bounded
2022-04-25 06:41:13-error: [Scene] Buffer binding 'CCLocal' at set 2 binding 0 is not bounded
2022-04-25 06:41:13-error: [Scene] Buffer binding 'CCLocal' at set 2 binding 0 is not bounded
2022-04-25 06:41:13-error: [Scene] Buffer binding 'CCLocal' at set 2 binding 0 is not bounded
2022-04-25 06:41:13-error: [Scene] Buffer binding 'CCLocal' at set 2 binding 0 is not bounded
2022-04-25 06:41:13-error: [Scene] Buffer binding 'CCLocal' at set 2 binding 0 is not bounded
2022-04-25 06:41:13-error: [Scene] Buffer binding 'CCLocal' at set 2 binding 0 is not bounded
2022-04-25 06:41:13-error: [Scene] Buffer binding 'CCLocal' at set 2 binding 0 is not bounded
2022-04-25 06:41:13-error: [Scene] Buffer binding 'CCLocal' at set 2 binding 0 is not bounded
2022-04-25 06:41:13-error: [Scene] Buffer binding 'CCLocal' at set 2 binding 0 is not bounded
2022-04-25 06:41:13-error: [Scene] Buffer binding 'CCLocal' at set 2 binding 0 is not bounded
2022-04-25 06:41:13-error: [Scene] Buffer binding 'CCLocal' at set 2 binding 0 is not bounded
2022-04-25 06:41:13-error: [Scene] Buffer binding 'CCLocal' at set 2 binding 0 is not bounded
2022-04-25 06:41:13-error: [Scene] Buffer binding 'CCLocal' at set 2 binding 0 is not bounded
2022-04-25 06:41:13-error: [Scene] Buffer binding 'CCLocal' at set 2 binding 0 is not bounded
2022-04-25 06:41:13-error: [Scene] Buffer binding 'CCLocal' at set 2 binding 0 is not bounded
2022-04-25 06:41:13-error: [Scene] Buffer binding 'CCLocal' at set 2 binding 0 is not bounded
2022-04-25 06:41:13-error: [Scene] Buffer binding 'CCLocal' at set 2 binding 0 is not bounded
2022-04-25 06:41:13-error: [Scene] Buffer binding 'CCLocal' at set 2 binding 0 is not bounded
2022-04-25 06:41:13-error: [Scene] Buffer binding 'CCLocal' at set 2 binding 0 is not bounded
2022-04-25 06:41:13-error: [Scene] Buffer binding 'CCLocal' at set 2 binding 0 is not bounded
2022-04-25 06:41:13-error: [Scene] Buffer binding 'CCLocal' at set 2 binding 0 is not bounded
2022-04-25 06:41:13-error: [Scene] Buffer binding 'CCLocal' at set 2 binding 0 is not bounded
2022-04-25 06:41:13-error: [Scene] Buffer binding 'CCLocal' at set 2 binding 0 is not bounded
2022-04-25 06:41:13-error: [Scene] Buffer binding 'CCLocal' at set 2 binding 0 is not bounded
2022-04-25 06:41:13-error: [Scene] Buffer binding 'CCLocal' at set 2 binding 0 is not bounded
2022-04-25 06:41:13-error: [Scene] Buffer binding 'CCLocal' at set 2 binding 0 is not bounded
2022-04-25 06:41:13-error: [Scene] Buffer binding 'CCLocal' at set 2 binding 0 is not bounded
2022-04-25 06:41:13-error: [Scene] Buffer binding 'CCLocal' at set 2 binding 0 is not bounded
2022-04-25 06:41:13-error: [Scene] Buffer binding 'CCLocal' at set 2 binding 0 is not bounded
2022-04-25 06:41:13-error: [Scene] Buffer binding 'CCLocal' at set 2 binding 0 is not bounded
2022-04-25 06:41:13-error: [Scene] Buffer binding 'CCLocal' at set 2 binding 0 is not bounded
2022-04-25 06:41:13-error: [Scene] Buffer binding 'CCLocal' at set 2 binding 0 is not bounded
2022-04-25 06:41:13-error: [Scene] Buffer binding 'CCLocal' at set 2 binding 0 is not bounded
2022-04-25 06:41:13-error: [Scene] Buffer binding 'CCLocal' at set 2 binding 0 is not bounded
2022-04-25 06:41:13-error: [Scene] Buffer binding 'CCLocal' at set 2 binding 0 is not bounded
2022-04-25 06:41:13-error: [Scene] Buffer binding 'CCLocal' at set 2 binding 0 is not bounded
2022-04-25 06:41:13-error: [Scene] Buffer binding 'CCLocal' at set 2 binding 0 is not bounded
2022-04-25 06:41:13-error: [Scene] Buffer binding 'CCLocal' at set 2 binding 0 is not bounded
2022-04-25 06:41:13-error: [Scene] Buffer binding 'CCLocal' at set 2 binding 0 is not bounded
2022-04-25 06:41:13-error: [Scene] Buffer binding 'CCLocal' at set 2 binding 0 is not bounded
2022-04-25 06:41:13-error: [Scene] Buffer binding 'CCLocal' at set 2 binding 0 is not bounded
2022-04-25 06:41:13-error: [Scene] Buffer binding 'CCLocal' at set 2 binding 0 is not bounded
2022-04-25 06:41:13-error: [Scene] Buffer binding 'CCLocal' at set 2 binding 0 is not bounded
2022-04-25 06:41:13-error: [Scene] Buffer binding 'CCLocal' at set 2 binding 0 is not bounded
2022-04-25 06:41:13-error: [Scene] Buffer binding 'CCLocal' at set 2 binding 0 is not bounded
2022-04-25 06:41:13-error: [Scene] Buffer binding 'CCLocal' at set 2 binding 0 is not bounded
2022-04-25 06:41:13-error: [Scene] Buffer binding 'CCLocal' at set 2 binding 0 is not bounded
2022-04-25 06:41:13-error: [Scene] Buffer binding 'CCLocal' at set 2 binding 0 is not bounded
2022-04-25 06:41:13-error: [Scene] Buffer binding 'CCLocal' at set 2 binding 0 is not bounded
2022-04-25 06:41:13-error: [Scene] Buffer binding 'CCLocal' at set 2 binding 0 is not bounded
2022-04-25 06:41:13-error: [Scene] Buffer binding 'CCLocal' at set 2 binding 0 is not bounded
2022-04-25 06:41:14-error: [Scene] Buffer binding 'CCLocal' at set 2 binding 0 is not bounded
2022-04-25 06:41:14-error: [Scene] Buffer binding 'CCLocal' at set 2 binding 0 is not bounded
2022-04-25 06:41:14-error: [Scene] Buffer binding 'CCLocal' at set 2 binding 0 is not bounded
2022-04-25 06:41:14-error: [Scene] Buffer binding 'CCLocal' at set 2 binding 0 is not bounded
2022-04-25 06:41:14-error: [Scene] Buffer binding 'CCLocal' at set 2 binding 0 is not bounded
2022-04-25 06:41:14-error: [Scene] Buffer binding 'CCLocal' at set 2 binding 0 is not bounded
2022-04-25 06:41:14-error: [Scene] Buffer binding 'CCLocal' at set 2 binding 0 is not bounded
2022-04-25 06:41:14-error: [Scene] Buffer binding 'CCLocal' at set 2 binding 0 is not bounded
2022-04-25 06:41:14-error: [Scene] Buffer binding 'CCLocal' at set 2 binding 0 is not bounded
2022-04-25 06:41:14-error: [Scene] Buffer binding 'CCLocal' at set 2 binding 0 is not bounded
2022-04-25 06:41:14-error: [Scene] Buffer binding 'CCLocal' at set 2 binding 0 is not bounded
2022-04-25 06:41:14-error: [Scene] Buffer binding 'CCLocal' at set 2 binding 0 is not bounded
2022-04-25 06:41:14-error: [Scene] Buffer binding 'CCLocal' at set 2 binding 0 is not bounded
2022-04-25 06:41:14-error: [Scene] Buffer binding 'CCLocal' at set 2 binding 0 is not bounded
2022-04-25 06:41:14-error: [Scene] Buffer binding 'CCLocal' at set 2 binding 0 is not bounded
2022-04-25 06:41:14-error: [Scene] Buffer binding 'CCLocal' at set 2 binding 0 is not bounded
2022-04-25 06:41:15-error: [Scene] Buffer binding 'CCLocal' at set 2 binding 0 is not bounded
2022-04-25 06:41:15-error: [Scene] Buffer binding 'CCLocal' at set 2 binding 0 is not bounded
2022-04-25 06:41:15-error: [Scene] Buffer binding 'CCLocal' at set 2 binding 0 is not bounded
2022-04-25 06:41:15-error: [Scene] Buffer binding 'CCLocal' at set 2 binding 0 is not bounded
2022-04-25 06:41:15-error: [Scene] Buffer binding 'CCLocal' at set 2 binding 0 is not bounded
2022-04-25 06:41:15-error: [Scene] Buffer binding 'CCLocal' at set 2 binding 0 is not bounded
2022-04-25 06:41:15-error: [Scene] Buffer binding 'CCLocal' at set 2 binding 0 is not bounded
2022-04-25 06:41:15-error: [Scene] Buffer binding 'CCLocal' at set 2 binding 0 is not bounded
2022-04-25 06:41:15-error: [Scene] Buffer binding 'CCLocal' at set 2 binding 0 is not bounded
2022-04-25 06:41:15-error: [Scene] Buffer binding 'CCLocal' at set 2 binding 0 is not bounded
2022-04-25 06:41:15-error: [Scene] Buffer binding 'CCLocal' at set 2 binding 0 is not bounded
2022-04-25 06:41:15-error: [Scene] Buffer binding 'CCLocal' at set 2 binding 0 is not bounded
2022-04-25 06:41:15-error: [Scene] Buffer binding 'CCLocal' at set 2 binding 0 is not bounded
2022-04-25 06:41:15-error: [Scene] Buffer binding 'CCLocal' at set 2 binding 0 is not bounded
2022-04-25 06:41:15-error: [Scene] Buffer binding 'CCLocal' at set 2 binding 0 is not bounded
2022-04-25 06:41:15-error: [Scene] Buffer binding 'CCLocal' at set 2 binding 0 is not bounded
2022-04-25 06:41:15-error: [Scene] Buffer binding 'CCLocal' at set 2 binding 0 is not bounded
2022-04-25 06:41:15-error: [Scene] Buffer binding 'CCLocal' at set 2 binding 0 is not bounded
2022-04-25 06:41:15-error: [Scene] Buffer binding 'CCLocal' at set 2 binding 0 is not bounded
2022-04-25 06:41:15-error: [Scene] Buffer binding 'CCLocal' at set 2 binding 0 is not bounded
2022-04-25 06:41:15-error: [Scene] Buffer binding 'CCLocal' at set 2 binding 0 is not bounded
2022-04-25 06:41:15-error: [Scene] Buffer binding 'CCLocal' at set 2 binding 0 is not bounded
2022-04-25 06:41:15-error: [Scene] Buffer binding 'CCLocal' at set 2 binding 0 is not bounded
2022-04-25 06:41:15-error: [Scene] Buffer binding 'CCLocal' at set 2 binding 0 is not bounded
2022-04-25 06:41:15-error: [Scene] Buffer binding 'CCLocal' at set 2 binding 0 is not bounded
2022-04-25 06:41:15-error: [Scene] Buffer binding 'CCLocal' at set 2 binding 0 is not bounded
2022-04-25 06:41:15-error: [Scene] Buffer binding 'CCLocal' at set 2 binding 0 is not bounded
2022-04-25 06:41:15-error: [Scene] Buffer binding 'CCLocal' at set 2 binding 0 is not bounded
2022-04-25 06:41:15-error: [Scene] Buffer binding 'CCLocal' at set 2 binding 0 is not bounded
2022-04-25 06:41:15-error: [Scene] Buffer binding 'CCLocal' at set 2 binding 0 is not bounded
2022-04-25 06:41:15-error: [Scene] Buffer binding 'CCLocal' at set 2 binding 0 is not bounded
2022-04-25 06:41:15-error: [Scene] Buffer binding 'CCLocal' at set 2 binding 0 is not bounded
2022-04-25 06:41:15-error: [Scene] Buffer binding 'CCLocal' at set 2 binding 0 is not bounded
2022-04-25 06:41:15-error: [Scene] Buffer binding 'CCLocal' at set 2 binding 0 is not bounded
2022-04-25 06:41:15-error: [Scene] Buffer binding 'CCLocal' at set 2 binding 0 is not bounded
2022-04-25 06:41:15-error: [Scene] Buffer binding 'CCLocal' at set 2 binding 0 is not bounded
2022-04-25 06:41:15-error: [Scene] Buffer binding 'CCLocal' at set 2 binding 0 is not bounded
2022-04-25 06:41:15-error: [Scene] Buffer binding 'CCLocal' at set 2 binding 0 is not bounded
2022-04-25 06:41:15-error: [Scene] Buffer binding 'CCLocal' at set 2 binding 0 is not bounded
2022-04-25 06:41:15-error: [Scene] Buffer binding 'CCLocal' at set 2 binding 0 is not bounded
2022-04-25 06:41:15-error: [Scene] Buffer binding 'CCLocal' at set 2 binding 0 is not bounded
2022-04-25 06:41:15-error: [Scene] Buffer binding 'CCLocal' at set 2 binding 0 is not bounded
2022-04-25 06:41:15-error: [Scene] Buffer binding 'CCLocal' at set 2 binding 0 is not bounded
2022-04-25 06:41:15-error: [Scene] Buffer binding 'CCLocal' at set 2 binding 0 is not bounded
2022-04-25 06:41:15-error: [Scene] Buffer binding 'CCLocal' at set 2 binding 0 is not bounded
2022-04-25 06:41:15-error: [Scene] Buffer binding 'CCLocal' at set 2 binding 0 is not bounded
2022-04-25 06:41:15-error: [Scene] Buffer binding 'CCLocal' at set 2 binding 0 is not bounded
2022-04-25 06:41:15-error: [Scene] Buffer binding 'CCLocal' at set 2 binding 0 is not bounded
2022-04-25 06:41:15-error: [Scene] Buffer binding 'CCLocal' at set 2 binding 0 is not bounded
2022-04-25 06:41:15-error: [Scene] Buffer binding 'CCLocal' at set 2 binding 0 is not bounded
2022-04-25 06:41:15-error: [Scene] Buffer binding 'CCLocal' at set 2 binding 0 is not bounded
2022-04-25 06:41:15-error: [Scene] Buffer binding 'CCLocal' at set 2 binding 0 is not bounded
2022-04-25 06:41:15-error: [Scene] Buffer binding 'CCLocal' at set 2 binding 0 is not bounded
2022-04-25 06:41:15-error: [Scene] Buffer binding 'CCLocal' at set 2 binding 0 is not bounded
2022-04-25 06:41:15-error: [Scene] Buffer binding 'CCLocal' at set 2 binding 0 is not bounded
2022-04-25 06:41:15-error: [Scene] Buffer binding 'CCLocal' at set 2 binding 0 is not bounded
2022-04-25 06:41:15-error: [Scene] Buffer binding 'CCLocal' at set 2 binding 0 is not bounded
2022-04-25 06:41:15-error: [Scene] Buffer binding 'CCLocal' at set 2 binding 0 is not bounded
2022-04-25 06:41:15-error: [Scene] Buffer binding 'CCLocal' at set 2 binding 0 is not bounded
2022-04-25 06:41:15-error: [Scene] Buffer binding 'CCLocal' at set 2 binding 0 is not bounded
2022-04-25 06:41:15-error: [Scene] Buffer binding 'CCLocal' at set 2 binding 0 is not bounded
2022-04-25 06:41:15-error: [Scene] Buffer binding 'CCLocal' at set 2 binding 0 is not bounded
2022-04-25 06:41:15-error: [Scene] Buffer binding 'CCLocal' at set 2 binding 0 is not bounded
2022-04-25 06:41:15-error: [Scene] Buffer binding 'CCLocal' at set 2 binding 0 is not bounded
2022-04-25 06:41:15-error: [Scene] Buffer binding 'CCLocal' at set 2 binding 0 is not bounded
2022-04-25 06:41:15-error: [Scene] Buffer binding 'CCLocal' at set 2 binding 0 is not bounded
2022-04-25 06:41:15-error: [Scene] Buffer binding 'CCLocal' at set 2 binding 0 is not bounded
2022-04-25 06:41:15-error: [Scene] Buffer binding 'CCLocal' at set 2 binding 0 is not bounded
2022-04-25 06:41:15-error: [Scene] Buffer binding 'CCLocal' at set 2 binding 0 is not bounded
2022-04-25 06:41:15-error: [Scene] Buffer binding 'CCLocal' at set 2 binding 0 is not bounded
2022-04-25 06:41:15-error: [Scene] Buffer binding 'CCLocal' at set 2 binding 0 is not bounded
2022-04-25 06:41:15-error: [Scene] Buffer binding 'CCLocal' at set 2 binding 0 is not bounded
2022-04-25 06:41:16-error: [Scene] Buffer binding 'CCLocal' at set 2 binding 0 is not bounded
2022-04-25 06:41:16-error: [Scene] Buffer binding 'CCLocal' at set 2 binding 0 is not bounded
2022-04-25 06:41:17-error: [Scene] Buffer binding 'CCLocal' at set 2 binding 0 is not bounded
2022-04-25 06:41:17-error: [Scene] Buffer binding 'CCLocal' at set 2 binding 0 is not bounded
2022-04-25 06:41:18-error: [Scene] Buffer binding 'CCLocal' at set 2 binding 0 is not bounded
2022-04-25 06:41:18-error: [Scene] Buffer binding 'CCLocal' at set 2 binding 0 is not bounded
2022-04-25 06:41:18-error: [Scene] Buffer binding 'CCLocal' at set 2 binding 0 is not bounded
2022-04-25 06:41:18-error: [Scene] Buffer binding 'CCLocal' at set 2 binding 0 is not bounded
2022-04-25 06:41:18-error: [Scene] Buffer binding 'CCLocal' at set 2 binding 0 is not bounded
2022-04-25 06:41:18-error: [Scene] Buffer binding 'CCLocal' at set 2 binding 0 is not bounded
2022-04-25 06:41:18-error: [Scene] Buffer binding 'CCLocal' at set 2 binding 0 is not bounded
2022-04-25 06:41:18-error: [Scene] Buffer binding 'CCLocal' at set 2 binding 0 is not bounded
2022-04-25 06:41:18-error: [Scene] Buffer binding 'CCLocal' at set 2 binding 0 is not bounded
2022-04-25 06:41:18-error: [Scene] Buffer binding 'CCLocal' at set 2 binding 0 is not bounded
2022-04-25 06:41:18-error: [Scene] Buffer binding 'CCLocal' at set 2 binding 0 is not bounded
2022-04-25 06:41:18-error: [Scene] Buffer binding 'CCLocal' at set 2 binding 0 is not bounded
2022-04-25 06:41:18-error: [Scene] Buffer binding 'CCLocal' at set 2 binding 0 is not bounded
2022-04-25 06:41:18-error: [Scene] Buffer binding 'CCLocal' at set 2 binding 0 is not bounded
2022-04-25 06:41:18-error: [Scene] Buffer binding 'CCLocal' at set 2 binding 0 is not bounded
2022-04-25 06:41:18-error: [Scene] Buffer binding 'CCLocal' at set 2 binding 0 is not bounded
2022-04-25 06:41:18-error: [Scene] Buffer binding 'CCLocal' at set 2 binding 0 is not bounded
2022-04-25 06:41:18-error: [Scene] Buffer binding 'CCLocal' at set 2 binding 0 is not bounded
2022-04-25 06:41:18-error: [Scene] Buffer binding 'CCLocal' at set 2 binding 0 is not bounded
2022-04-25 06:41:18-error: [Scene] Buffer binding 'CCLocal' at set 2 binding 0 is not bounded
2022-04-25 06:41:18-error: [Scene] Buffer binding 'CCLocal' at set 2 binding 0 is not bounded
2022-04-25 06:41:18-error: [Scene] Buffer binding 'CCLocal' at set 2 binding 0 is not bounded
2022-04-25 06:41:18-error: [Scene] Buffer binding 'CCLocal' at set 2 binding 0 is not bounded
2022-04-25 06:41:18-error: [Scene] Buffer binding 'CCLocal' at set 2 binding 0 is not bounded
2022-04-25 06:41:18-error: [Scene] Buffer binding 'CCLocal' at set 2 binding 0 is not bounded
2022-04-25 06:41:18-error: [Scene] Buffer binding 'CCLocal' at set 2 binding 0 is not bounded
2022-04-25 06:41:18-error: [Scene] Buffer binding 'CCLocal' at set 2 binding 0 is not bounded
2022-04-25 06:41:18-error: [Scene] Buffer binding 'CCLocal' at set 2 binding 0 is not bounded
2022-04-25 06:41:18-error: [Scene] Buffer binding 'CCLocal' at set 2 binding 0 is not bounded
2022-04-25 06:41:18-error: [Scene] Buffer binding 'CCLocal' at set 2 binding 0 is not bounded
2022-04-25 06:41:18-error: [Scene] Buffer binding 'CCLocal' at set 2 binding 0 is not bounded
2022-04-25 06:41:18-error: [Scene] Buffer binding 'CCLocal' at set 2 binding 0 is not bounded
2022-04-25 06:41:19-error: [Scene] Buffer binding 'CCLocal' at set 2 binding 0 is not bounded
2022-04-25 06:41:19-error: [Scene] Buffer binding 'CCLocal' at set 2 binding 0 is not bounded
2022-04-25 06:41:19-error: [Scene] Buffer binding 'CCLocal' at set 2 binding 0 is not bounded
2022-04-25 06:41:19-error: [Scene] Buffer binding 'CCLocal' at set 2 binding 0 is not bounded
2022-04-25 06:41:19-error: [Scene] Buffer binding 'CCLocal' at set 2 binding 0 is not bounded
2022-04-25 06:41:19-error: [Scene] Buffer binding 'CCLocal' at set 2 binding 0 is not bounded
2022-04-25 06:41:19-error: [Scene] Buffer binding 'CCLocal' at set 2 binding 0 is not bounded
2022-04-25 06:41:19-error: [Scene] Buffer binding 'CCLocal' at set 2 binding 0 is not bounded
2022-04-25 06:41:19-error: [Scene] Buffer binding 'CCLocal' at set 2 binding 0 is not bounded
2022-04-25 06:41:19-error: [Scene] Buffer binding 'CCLocal' at set 2 binding 0 is not bounded
2022-04-25 06:41:19-error: [Scene] Buffer binding 'CCLocal' at set 2 binding 0 is not bounded
2022-04-25 06:41:19-error: [Scene] Buffer binding 'CCLocal' at set 2 binding 0 is not bounded
2022-04-25 06:41:19-error: [Scene] Buffer binding 'CCLocal' at set 2 binding 0 is not bounded
2022-04-25 06:41:19-error: [Scene] Buffer binding 'CCLocal' at set 2 binding 0 is not bounded
2022-04-25 06:41:19-error: [Scene] Buffer binding 'CCLocal' at set 2 binding 0 is not bounded
2022-04-25 06:41:19-error: [Scene] Buffer binding 'CCLocal' at set 2 binding 0 is not bounded
2022-04-25 06:41:19-error: [Scene] Buffer binding 'CCLocal' at set 2 binding 0 is not bounded
2022-04-25 06:41:19-error: [Scene] Buffer binding 'CCLocal' at set 2 binding 0 is not bounded
2022-04-25 06:41:19-error: [Scene] Buffer binding 'CCLocal' at set 2 binding 0 is not bounded
2022-04-25 06:41:19-error: [Scene] Buffer binding 'CCLocal' at set 2 binding 0 is not bounded
2022-04-25 06:41:19-error: [Scene] Buffer binding 'CCLocal' at set 2 binding 0 is not bounded
2022-04-25 06:41:19-error: [Scene] Buffer binding 'CCLocal' at set 2 binding 0 is not bounded
2022-04-25 06:41:19-error: [Scene] Buffer binding 'CCLocal' at set 2 binding 0 is not bounded
2022-04-25 06:41:19-error: [Scene] Buffer binding 'CCLocal' at set 2 binding 0 is not bounded
2022-04-25 06:41:19-error: [Scene] Buffer binding 'CCLocal' at set 2 binding 0 is not bounded
2022-04-25 06:41:19-error: [Scene] Buffer binding 'CCLocal' at set 2 binding 0 is not bounded
2022-04-25 06:41:19-error: [Scene] Buffer binding 'CCLocal' at set 2 binding 0 is not bounded
2022-04-25 06:41:19-error: [Scene] Buffer binding 'CCLocal' at set 2 binding 0 is not bounded
2022-04-25 06:41:19-error: [Scene] Buffer binding 'CCLocal' at set 2 binding 0 is not bounded
2022-04-25 06:41:19-error: [Scene] Buffer binding 'CCLocal' at set 2 binding 0 is not bounded
2022-04-25 06:41:19-error: [Scene] Buffer binding 'CCLocal' at set 2 binding 0 is not bounded
2022-04-25 06:41:19-error: [Scene] Buffer binding 'CCLocal' at set 2 binding 0 is not bounded
2022-04-25 06:41:19-error: [Scene] Buffer binding 'CCLocal' at set 2 binding 0 is not bounded
2022-04-25 06:41:19-error: [Scene] Buffer binding 'CCLocal' at set 2 binding 0 is not bounded
2022-04-25 06:41:19-error: [Scene] Buffer binding 'CCLocal' at set 2 binding 0 is not bounded
2022-04-25 06:41:19-error: [Scene] Buffer binding 'CCLocal' at set 2 binding 0 is not bounded
2022-04-25 06:41:19-error: [Scene] Buffer binding 'CCLocal' at set 2 binding 0 is not bounded
2022-04-25 06:41:19-error: [Scene] Buffer binding 'CCLocal' at set 2 binding 0 is not bounded
2022-04-25 06:41:19-error: [Scene] Buffer binding 'CCLocal' at set 2 binding 0 is not bounded
2022-04-25 06:41:19-error: [Scene] Buffer binding 'CCLocal' at set 2 binding 0 is not bounded
2022-04-25 06:41:19-error: [Scene] Buffer binding 'CCLocal' at set 2 binding 0 is not bounded
2022-04-25 06:41:19-error: [Scene] Buffer binding 'CCLocal' at set 2 binding 0 is not bounded
2022-04-25 06:41:19-error: [Scene] Buffer binding 'CCLocal' at set 2 binding 0 is not bounded
2022-04-25 06:41:19-error: [Scene] Buffer binding 'CCLocal' at set 2 binding 0 is not bounded
2022-04-25 06:41:19-error: [Scene] Buffer binding 'CCLocal' at set 2 binding 0 is not bounded
2022-04-25 06:41:19-error: [Scene] Buffer binding 'CCLocal' at set 2 binding 0 is not bounded
2022-04-25 06:41:19-error: [Scene] Buffer binding 'CCLocal' at set 2 binding 0 is not bounded
2022-04-25 06:41:19-error: [Scene] Buffer binding 'CCLocal' at set 2 binding 0 is not bounded
2022-04-25 06:41:19-error: [Scene] Buffer binding 'CCLocal' at set 2 binding 0 is not bounded
2022-04-25 06:41:19-error: [Scene] Buffer binding 'CCLocal' at set 2 binding 0 is not bounded
2022-04-25 06:41:19-error: [Scene] Buffer binding 'CCLocal' at set 2 binding 0 is not bounded
2022-04-25 06:41:19-error: [Scene] Buffer binding 'CCLocal' at set 2 binding 0 is not bounded
2022-04-25 06:41:19-error: [Scene] Buffer binding 'CCLocal' at set 2 binding 0 is not bounded
2022-04-25 06:41:19-error: [Scene] Buffer binding 'CCLocal' at set 2 binding 0 is not bounded
2022-04-25 06:41:19-error: [Scene] Buffer binding 'CCLocal' at set 2 binding 0 is not bounded
2022-04-25 06:41:19-error: [Scene] Buffer binding 'CCLocal' at set 2 binding 0 is not bounded
2022-04-25 06:41:19-error: [Scene] Buffer binding 'CCLocal' at set 2 binding 0 is not bounded
2022-04-25 06:41:19-error: [Scene] Buffer binding 'CCLocal' at set 2 binding 0 is not bounded
2022-04-25 06:41:19-error: [Scene] Buffer binding 'CCLocal' at set 2 binding 0 is not bounded
2022-04-25 06:41:19-error: [Scene] Buffer binding 'CCLocal' at set 2 binding 0 is not bounded
2022-04-25 06:41:19-error: [Scene] Buffer binding 'CCLocal' at set 2 binding 0 is not bounded
2022-04-25 06:41:19-error: [Scene] Buffer binding 'CCLocal' at set 2 binding 0 is not bounded
2022-04-25 06:41:19-error: [Scene] Buffer binding 'CCLocal' at set 2 binding 0 is not bounded
2022-04-25 06:41:19-error: [Scene] Buffer binding 'CCLocal' at set 2 binding 0 is not bounded
2022-04-25 06:41:19-error: [Scene] Buffer binding 'CCLocal' at set 2 binding 0 is not bounded
2022-04-25 06:41:19-error: [Scene] Buffer binding 'CCLocal' at set 2 binding 0 is not bounded
2022-04-25 06:41:19-error: [Scene] Buffer binding 'CCLocal' at set 2 binding 0 is not bounded
2022-04-25 06:41:19-error: [Scene] Buffer binding 'CCLocal' at set 2 binding 0 is not bounded
2022-04-25 06:41:19-error: [Scene] Buffer binding 'CCLocal' at set 2 binding 0 is not bounded
2022-04-25 06:41:19-error: [Scene] Buffer binding 'CCLocal' at set 2 binding 0 is not bounded
2022-04-25 06:41:19-error: [Scene] Buffer binding 'CCLocal' at set 2 binding 0 is not bounded
2022-04-25 06:41:19-error: [Scene] Buffer binding 'CCLocal' at set 2 binding 0 is not bounded
2022-04-25 06:41:19-error: [Scene] Buffer binding 'CCLocal' at set 2 binding 0 is not bounded
2022-04-25 06:41:19-error: [Scene] Buffer binding 'CCLocal' at set 2 binding 0 is not bounded
2022-04-25 06:41:19-error: [Scene] Buffer binding 'CCLocal' at set 2 binding 0 is not bounded
2022-04-25 06:41:19-error: [Scene] Buffer binding 'CCLocal' at set 2 binding 0 is not bounded
2022-04-25 06:41:20-error: [Scene] Buffer binding 'CCLocal' at set 2 binding 0 is not bounded
2022-04-25 06:41:20-error: [Scene] Buffer binding 'CCLocal' at set 2 binding 0 is not bounded
2022-04-25 06:41:20-error: [Scene] Buffer binding 'CCLocal' at set 2 binding 0 is not bounded
2022-04-25 06:41:20-error: [Scene] Buffer binding 'CCLocal' at set 2 binding 0 is not bounded
2022-04-25 06:41:20-error: [Scene] Buffer binding 'CCLocal' at set 2 binding 0 is not bounded
2022-04-25 06:41:20-error: [Scene] Buffer binding 'CCLocal' at set 2 binding 0 is not bounded
2022-04-25 06:41:20-error: [Scene] Buffer binding 'CCLocal' at set 2 binding 0 is not bounded
2022-04-25 06:41:20-error: [Scene] Buffer binding 'CCLocal' at set 2 binding 0 is not bounded
2022-04-25 06:41:20-error: [Scene] Buffer binding 'CCLocal' at set 2 binding 0 is not bounded
2022-04-25 06:41:20-error: [Scene] Buffer binding 'CCLocal' at set 2 binding 0 is not bounded
2022-04-25 06:41:20-error: [Scene] Buffer binding 'CCLocal' at set 2 binding 0 is not bounded
2022-04-25 06:41:20-error: [Scene] Buffer binding 'CCLocal' at set 2 binding 0 is not bounded
2022-04-25 06:41:20-error: [Scene] Buffer binding 'CCLocal' at set 2 binding 0 is not bounded
2022-04-25 06:41:20-error: [Scene] Buffer binding 'CCLocal' at set 2 binding 0 is not bounded
2022-04-25 06:41:20-error: [Scene] Buffer binding 'CCLocal' at set 2 binding 0 is not bounded
2022-04-25 06:41:20-error: [Scene] Buffer binding 'CCLocal' at set 2 binding 0 is not bounded
2022-04-25 06:41:20-error: [Scene] Buffer binding 'CCLocal' at set 2 binding 0 is not bounded
2022-04-25 06:41:20-error: [Scene] Buffer binding 'CCLocal' at set 2 binding 0 is not bounded
2022-04-25 06:41:20-error: [Scene] Buffer binding 'CCLocal' at set 2 binding 0 is not bounded
2022-04-25 06:41:20-error: [Scene] Buffer binding 'CCLocal' at set 2 binding 0 is not bounded
2022-04-25 06:41:20-error: [Scene] Buffer binding 'CCLocal' at set 2 binding 0 is not bounded
2022-04-25 06:41:20-error: [Scene] Buffer binding 'CCLocal' at set 2 binding 0 is not bounded
2022-04-25 06:41:20-error: [Scene] Buffer binding 'CCLocal' at set 2 binding 0 is not bounded
2022-04-25 06:41:20-error: [Scene] Buffer binding 'CCLocal' at set 2 binding 0 is not bounded
2022-04-25 06:41:20-error: [Scene] Buffer binding 'CCLocal' at set 2 binding 0 is not bounded
2022-04-25 06:41:20-error: [Scene] Buffer binding 'CCLocal' at set 2 binding 0 is not bounded
2022-04-25 06:41:20-error: [Scene] Buffer binding 'CCLocal' at set 2 binding 0 is not bounded
2022-04-25 06:41:20-error: [Scene] Buffer binding 'CCLocal' at set 2 binding 0 is not bounded
2022-04-25 06:41:20-error: [Scene] Buffer binding 'CCLocal' at set 2 binding 0 is not bounded
2022-04-25 06:41:20-error: [Scene] Buffer binding 'CCLocal' at set 2 binding 0 is not bounded
2022-04-25 06:41:20-error: [Scene] Buffer binding 'CCLocal' at set 2 binding 0 is not bounded
2022-04-25 06:41:20-error: [Scene] Buffer binding 'CCLocal' at set 2 binding 0 is not bounded
2022-04-25 06:41:20-error: [Scene] Buffer binding 'CCLocal' at set 2 binding 0 is not bounded
2022-04-25 06:41:20-error: [Scene] Buffer binding 'CCLocal' at set 2 binding 0 is not bounded
2022-04-25 06:41:21-error: [Scene] Buffer binding 'CCLocal' at set 2 binding 0 is not bounded
2022-04-25 06:41:21-error: [Scene] Buffer binding 'CCLocal' at set 2 binding 0 is not bounded
2022-04-25 06:41:21-error: [Scene] Buffer binding 'CCLocal' at set 2 binding 0 is not bounded
2022-04-25 06:41:21-error: [Scene] Buffer binding 'CCLocal' at set 2 binding 0 is not bounded
2022-04-25 06:41:21-error: [Scene] Buffer binding 'CCLocal' at set 2 binding 0 is not bounded
2022-04-25 06:41:21-error: [Scene] Buffer binding 'CCLocal' at set 2 binding 0 is not bounded
2022-04-25 06:41:21-error: [Scene] Buffer binding 'CCLocal' at set 2 binding 0 is not bounded
2022-04-25 06:41:21-error: [Scene] Buffer binding 'CCLocal' at set 2 binding 0 is not bounded
2022-04-25 06:41:21-error: [Scene] Buffer binding 'CCLocal' at set 2 binding 0 is not bounded
2022-04-25 06:41:21-error: [Scene] Buffer binding 'CCLocal' at set 2 binding 0 is not bounded
2022-04-25 06:41:21-error: [Scene] Buffer binding 'CCLocal' at set 2 binding 0 is not bounded
2022-04-25 06:41:21-error: [Scene] Buffer binding 'CCLocal' at set 2 binding 0 is not bounded
2022-04-25 06:41:21-error: [Scene] Buffer binding 'CCLocal' at set 2 binding 0 is not bounded
2022-04-25 06:41:21-error: [Scene] Buffer binding 'CCLocal' at set 2 binding 0 is not bounded
2022-04-25 06:41:21-error: [Scene] Buffer binding 'CCLocal' at set 2 binding 0 is not bounded
2022-04-25 06:41:21-error: [Scene] Buffer binding 'CCLocal' at set 2 binding 0 is not bounded
2022-04-25 06:41:21-error: [Scene] Buffer binding 'CCLocal' at set 2 binding 0 is not bounded
2022-04-25 06:41:21-error: [Scene] Buffer binding 'CCLocal' at set 2 binding 0 is not bounded
2022-04-25 06:41:21-error: [Scene] Buffer binding 'CCLocal' at set 2 binding 0 is not bounded
2022-04-25 06:41:21-error: [Scene] Buffer binding 'CCLocal' at set 2 binding 0 is not bounded
2022-04-25 06:41:21-error: [Scene] Buffer binding 'CCLocal' at set 2 binding 0 is not bounded
2022-04-25 06:41:21-error: [Scene] Buffer binding 'CCLocal' at set 2 binding 0 is not bounded
2022-04-25 06:41:21-error: [Scene] Buffer binding 'CCLocal' at set 2 binding 0 is not bounded
2022-04-25 06:41:21-error: [Scene] Buffer binding 'CCLocal' at set 2 binding 0 is not bounded
2022-04-25 06:41:21-error: [Scene] Buffer binding 'CCLocal' at set 2 binding 0 is not bounded
2022-04-25 06:41:21-error: [Scene] Buffer binding 'CCLocal' at set 2 binding 0 is not bounded
2022-04-25 06:41:21-error: [Scene] Buffer binding 'CCLocal' at set 2 binding 0 is not bounded
2022-04-25 06:41:21-error: [Scene] Buffer binding 'CCLocal' at set 2 binding 0 is not bounded
2022-04-25 06:41:21-error: [Scene] Buffer binding 'CCLocal' at set 2 binding 0 is not bounded
2022-04-25 06:41:21-error: [Scene] Buffer binding 'CCLocal' at set 2 binding 0 is not bounded
2022-04-25 06:41:21-error: [Scene] Buffer binding 'CCLocal' at set 2 binding 0 is not bounded
2022-04-25 06:41:21-error: [Scene] Buffer binding 'CCLocal' at set 2 binding 0 is not bounded
2022-04-25 06:41:21-error: [Scene] Buffer binding 'CCLocal' at set 2 binding 0 is not bounded
2022-04-25 06:41:21-error: [Scene] Buffer binding 'CCLocal' at set 2 binding 0 is not bounded
2022-04-25 06:41:21-error: [Scene] Buffer binding 'CCLocal' at set 2 binding 0 is not bounded
2022-04-25 06:41:21-error: [Scene] Buffer binding 'CCLocal' at set 2 binding 0 is not bounded
2022-04-25 06:41:21-error: [Scene] Buffer binding 'CCLocal' at set 2 binding 0 is not bounded
2022-04-25 06:41:21-error: [Scene] Buffer binding 'CCLocal' at set 2 binding 0 is not bounded
2022-04-25 06:41:21-error: [Scene] Buffer binding 'CCLocal' at set 2 binding 0 is not bounded
2022-04-25 06:41:21-error: [Scene] Buffer binding 'CCLocal' at set 2 binding 0 is not bounded
2022-04-25 06:41:21-error: [Scene] Buffer binding 'CCLocal' at set 2 binding 0 is not bounded
2022-04-25 06:41:21-error: [Scene] Buffer binding 'CCLocal' at set 2 binding 0 is not bounded
2022-04-25 06:41:21-error: [Scene] Buffer binding 'CCLocal' at set 2 binding 0 is not bounded
2022-04-25 06:41:21-error: [Scene] Buffer binding 'CCLocal' at set 2 binding 0 is not bounded
2022-04-25 06:41:21-error: [Scene] Buffer binding 'CCLocal' at set 2 binding 0 is not bounded
2022-04-25 06:41:21-error: [Scene] Buffer binding 'CCLocal' at set 2 binding 0 is not bounded
2022-04-25 06:41:21-error: [Scene] Buffer binding 'CCLocal' at set 2 binding 0 is not bounded
2022-04-25 06:41:21-error: [Scene] Buffer binding 'CCLocal' at set 2 binding 0 is not bounded
2022-04-25 06:41:21-error: [Scene] Buffer binding 'CCLocal' at set 2 binding 0 is not bounded
2022-04-25 06:41:21-error: [Scene] Buffer binding 'CCLocal' at set 2 binding 0 is not bounded
2022-04-25 06:41:21-error: [Scene] Buffer binding 'CCLocal' at set 2 binding 0 is not bounded
2022-04-25 06:41:21-error: [Scene] Buffer binding 'CCLocal' at set 2 binding 0 is not bounded
2022-04-25 06:41:21-error: [Scene] Buffer binding 'CCLocal' at set 2 binding 0 is not bounded
2022-04-25 06:41:21-error: [Scene] Buffer binding 'CCLocal' at set 2 binding 0 is not bounded
2022-04-25 06:41:21-error: [Scene] Buffer binding 'CCLocal' at set 2 binding 0 is not bounded
2022-04-25 06:41:21-error: [Scene] Buffer binding 'CCLocal' at set 2 binding 0 is not bounded
2022-04-25 06:41:21-error: [Scene] Buffer binding 'CCLocal' at set 2 binding 0 is not bounded
2022-04-25 06:41:21-error: [Scene] Buffer binding 'CCLocal' at set 2 binding 0 is not bounded
2022-04-25 06:41:21-error: [Scene] Buffer binding 'CCLocal' at set 2 binding 0 is not bounded
2022-04-25 06:41:21-error: [Scene] Buffer binding 'CCLocal' at set 2 binding 0 is not bounded
2022-04-25 06:41:21-error: [Scene] Buffer binding 'CCLocal' at set 2 binding 0 is not bounded
2022-04-25 06:41:21-error: [Scene] Buffer binding 'CCLocal' at set 2 binding 0 is not bounded
2022-04-25 06:41:21-error: [Scene] Buffer binding 'CCLocal' at set 2 binding 0 is not bounded
2022-04-25 06:41:21-error: [Scene] Buffer binding 'CCLocal' at set 2 binding 0 is not bounded
2022-04-25 06:41:21-error: [Scene] Buffer binding 'CCLocal' at set 2 binding 0 is not bounded
2022-04-25 06:41:21-error: [Scene] Buffer binding 'CCLocal' at set 2 binding 0 is not bounded
2022-04-25 06:41:21-error: [Scene] Buffer binding 'CCLocal' at set 2 binding 0 is not bounded
2022-04-25 06:41:21-error: [Scene] Buffer binding 'CCLocal' at set 2 binding 0 is not bounded
2022-04-25 06:41:21-error: [Scene] Buffer binding 'CCLocal' at set 2 binding 0 is not bounded
2022-04-25 06:41:21-error: [Scene] Buffer binding 'CCLocal' at set 2 binding 0 is not bounded
2022-04-25 06:41:21-error: [Scene] Buffer binding 'CCLocal' at set 2 binding 0 is not bounded
2022-04-25 06:41:21-error: [Scene] Buffer binding 'CCLocal' at set 2 binding 0 is not bounded
2022-04-25 06:41:22-error: [Scene] Buffer binding 'CCLocal' at set 2 binding 0 is not bounded
2022-04-25 06:41:22-error: [Scene] Buffer binding 'CCLocal' at set 2 binding 0 is not bounded
2022-04-25 06:41:22-error: [Scene] Buffer binding 'CCLocal' at set 2 binding 0 is not bounded
2022-04-25 06:41:22-error: [Scene] Buffer binding 'CCLocal' at set 2 binding 0 is not bounded
2022-04-25 06:41:22-error: [Scene] Buffer binding 'CCLocal' at set 2 binding 0 is not bounded
2022-04-25 06:41:22-error: [Scene] Buffer binding 'CCLocal' at set 2 binding 0 is not bounded
2022-04-25 06:41:22-error: [Scene] Buffer binding 'CCLocal' at set 2 binding 0 is not bounded
2022-04-25 06:41:22-error: [Scene] Buffer binding 'CCLocal' at set 2 binding 0 is not bounded
2022-04-25 06:41:22-error: [Scene] Buffer binding 'CCLocal' at set 2 binding 0 is not bounded
2022-04-25 06:41:22-error: [Scene] Buffer binding 'CCLocal' at set 2 binding 0 is not bounded
2022-04-25 06:41:22-error: [Scene] Buffer binding 'CCLocal' at set 2 binding 0 is not bounded
2022-04-25 06:41:22-error: [Scene] Buffer binding 'CCLocal' at set 2 binding 0 is not bounded
2022-04-25 06:41:22-error: [Scene] Buffer binding 'CCLocal' at set 2 binding 0 is not bounded
2022-04-25 06:41:22-error: [Scene] Buffer binding 'CCLocal' at set 2 binding 0 is not bounded
2022-04-25 06:41:22-error: [Scene] Buffer binding 'CCLocal' at set 2 binding 0 is not bounded
2022-04-25 06:41:22-error: [Scene] Buffer binding 'CCLocal' at set 2 binding 0 is not bounded
2022-04-25 06:41:22-error: [Scene] Buffer binding 'CCLocal' at set 2 binding 0 is not bounded
2022-04-25 06:41:22-error: [Scene] Buffer binding 'CCLocal' at set 2 binding 0 is not bounded
2022-04-25 06:41:22-error: [Scene] Buffer binding 'CCLocal' at set 2 binding 0 is not bounded
2022-04-25 06:41:22-error: [Scene] Buffer binding 'CCLocal' at set 2 binding 0 is not bounded
2022-04-25 06:41:22-error: [Scene] Buffer binding 'CCLocal' at set 2 binding 0 is not bounded
2022-04-25 06:41:22-error: [Scene] Buffer binding 'CCLocal' at set 2 binding 0 is not bounded
2022-04-25 06:41:22-error: [Scene] Buffer binding 'CCLocal' at set 2 binding 0 is not bounded
2022-04-25 06:41:22-error: [Scene] Buffer binding 'CCLocal' at set 2 binding 0 is not bounded
2022-04-25 06:41:22-error: [Scene] Buffer binding 'CCLocal' at set 2 binding 0 is not bounded
2022-04-25 06:41:22-error: [Scene] Buffer binding 'CCLocal' at set 2 binding 0 is not bounded
2022-04-25 06:41:22-error: [Scene] Buffer binding 'CCLocal' at set 2 binding 0 is not bounded
2022-04-25 06:41:22-error: [Scene] Buffer binding 'CCLocal' at set 2 binding 0 is not bounded
2022-04-25 06:41:23-error: [Scene] Buffer binding 'CCLocal' at set 2 binding 0 is not bounded
2022-04-25 06:41:23-error: [Scene] Buffer binding 'CCLocal' at set 2 binding 0 is not bounded
2022-04-25 06:41:23-error: [Scene] Buffer binding 'CCLocal' at set 2 binding 0 is not bounded
2022-04-25 06:41:23-error: [Scene] Buffer binding 'CCLocal' at set 2 binding 0 is not bounded
2022-04-25 06:41:25-error: [Scene] Buffer binding 'CCLocal' at set 2 binding 0 is not bounded
2022-04-25 06:41:25-error: [Scene] Buffer binding 'CCLocal' at set 2 binding 0 is not bounded
2022-04-25 06:41:25-error: [Scene] Buffer binding 'CCLocal' at set 2 binding 0 is not bounded
2022-04-25 06:41:25-error: [Scene] Buffer binding 'CCLocal' at set 2 binding 0 is not bounded
2022-04-25 07:24:23-error: [Scene] Buffer binding 'CCLocal' at set 2 binding 0 is not bounded
2022-04-25 07:24:23-error: [Scene] Buffer binding 'CCLocal' at set 2 binding 0 is not bounded
2022-04-25 07:24:23-error: [Scene] Buffer binding 'CCLocal' at set 2 binding 0 is not bounded
2022-04-25 07:24:23-error: [Scene] Buffer binding 'CCLocal' at set 2 binding 0 is not bounded
2022-04-25 07:24:32-error: [Scene] Buffer binding 'CCLocal' at set 2 binding 0 is not bounded
2022-04-25 07:24:32-error: [Scene] Buffer binding 'CCLocal' at set 2 binding 0 is not bounded
2022-04-25 07:24:32-error: [Scene] Buffer binding 'CCLocal' at set 2 binding 0 is not bounded
2022-04-25 07:24:32-error: [Scene] Buffer binding 'CCLocal' at set 2 binding 0 is not bounded
2022-04-25 07:24:32-error: [Scene] Buffer binding 'CCLocal' at set 2 binding 0 is not bounded
2022-04-25 07:24:32-error: [Scene] Buffer binding 'CCLocal' at set 2 binding 0 is not bounded
2022-04-25 07:24:32-error: [Scene] Buffer binding 'CCLocal' at set 2 binding 0 is not bounded
2022-04-25 07:24:32-error: [Scene] Buffer binding 'CCLocal' at set 2 binding 0 is not bounded
2022-04-25 07:24:32-error: [Scene] Buffer binding 'CCLocal' at set 2 binding 0 is not bounded
2022-04-25 07:24:32-error: [Scene] Buffer binding 'CCLocal' at set 2 binding 0 is not bounded
2022-04-25 07:24:32-error: [Scene] Buffer binding 'CCLocal' at set 2 binding 0 is not bounded
2022-04-25 07:24:32-error: [Scene] Buffer binding 'CCLocal' at set 2 binding 0 is not bounded
2022-04-25 07:24:32-error: [Scene] Buffer binding 'CCLocal' at set 2 binding 0 is not bounded
2022-04-25 07:24:32-error: [Scene] Buffer binding 'CCLocal' at set 2 binding 0 is not bounded
2022-04-25 07:24:32-error: [Scene] Buffer binding 'CCLocal' at set 2 binding 0 is not bounded
2022-04-25 07:24:32-error: [Scene] Buffer binding 'CCLocal' at set 2 binding 0 is not bounded
2022-04-25 07:24:32-error: [Scene] Buffer binding 'CCLocal' at set 2 binding 0 is not bounded
2022-04-25 07:24:32-error: [Scene] Buffer binding 'CCLocal' at set 2 binding 0 is not bounded
2022-04-25 07:24:32-error: [Scene] Buffer binding 'CCLocal' at set 2 binding 0 is not bounded
2022-04-25 07:24:32-error: [Scene] Buffer binding 'CCLocal' at set 2 binding 0 is not bounded
2022-04-25 07:24:32-error: [Scene] Buffer binding 'CCLocal' at set 2 binding 0 is not bounded
2022-04-25 07:24:32-error: [Scene] Buffer binding 'CCLocal' at set 2 binding 0 is not bounded
2022-04-25 07:24:32-error: [Scene] Buffer binding 'CCLocal' at set 2 binding 0 is not bounded
2022-04-25 07:24:32-error: [Scene] Buffer binding 'CCLocal' at set 2 binding 0 is not bounded
2022-04-25 07:24:32-error: [Scene] Buffer binding 'CCLocal' at set 2 binding 0 is not bounded
2022-04-25 07:24:32-error: [Scene] Buffer binding 'CCLocal' at set 2 binding 0 is not bounded
2022-04-25 07:24:32-error: [Scene] Buffer binding 'CCLocal' at set 2 binding 0 is not bounded
2022-04-25 07:24:32-error: [Scene] Buffer binding 'CCLocal' at set 2 binding 0 is not bounded
2022-04-25 07:24:32-error: [Scene] Buffer binding 'CCLocal' at set 2 binding 0 is not bounded
2022-04-25 07:24:32-error: [Scene] Buffer binding 'CCLocal' at set 2 binding 0 is not bounded
2022-04-25 07:24:32-error: [Scene] Buffer binding 'CCLocal' at set 2 binding 0 is not bounded
2022-04-25 07:24:32-error: [Scene] Buffer binding 'CCLocal' at set 2 binding 0 is not bounded
2022-04-25 07:24:32-error: [Scene] Buffer binding 'CCLocal' at set 2 binding 0 is not bounded
2022-04-25 07:24:32-error: [Scene] Buffer binding 'CCLocal' at set 2 binding 0 is not bounded
2022-04-25 07:24:32-error: [Scene] Buffer binding 'CCLocal' at set 2 binding 0 is not bounded
2022-04-25 07:24:32-error: [Scene] Buffer binding 'CCLocal' at set 2 binding 0 is not bounded
2022-04-25 07:24:32-error: [Scene] Buffer binding 'CCLocal' at set 2 binding 0 is not bounded
2022-04-25 07:24:32-error: [Scene] Buffer binding 'CCLocal' at set 2 binding 0 is not bounded
2022-04-25 07:24:32-error: [Scene] Buffer binding 'CCLocal' at set 2 binding 0 is not bounded
2022-04-25 07:24:32-error: [Scene] Buffer binding 'CCLocal' at set 2 binding 0 is not bounded
2022-04-25 07:24:32-error: [Scene] Buffer binding 'CCLocal' at set 2 binding 0 is not bounded
2022-04-25 07:24:32-error: [Scene] Buffer binding 'CCLocal' at set 2 binding 0 is not bounded
2022-04-25 07:24:33-error: [Scene] Buffer binding 'CCLocal' at set 2 binding 0 is not bounded
2022-04-25 07:24:33-error: [Scene] Buffer binding 'CCLocal' at set 2 binding 0 is not bounded
2022-04-25 07:24:33-error: [Scene] Buffer binding 'CCLocal' at set 2 binding 0 is not bounded
2022-04-25 07:24:33-error: [Scene] Buffer binding 'CCLocal' at set 2 binding 0 is not bounded
2022-04-25 07:24:33-error: [Scene] Buffer binding 'CCLocal' at set 2 binding 0 is not bounded
2022-04-25 07:24:33-error: [Scene] Buffer binding 'CCLocal' at set 2 binding 0 is not bounded
2022-04-25 07:24:33-error: [Scene] Buffer binding 'CCLocal' at set 2 binding 0 is not bounded
2022-04-25 07:24:33-error: [Scene] Buffer binding 'CCLocal' at set 2 binding 0 is not bounded
2022-04-25 07:24:33-error: [Scene] Buffer binding 'CCLocal' at set 2 binding 0 is not bounded
2022-04-25 07:24:33-error: [Scene] Buffer binding 'CCLocal' at set 2 binding 0 is not bounded
2022-04-25 07:24:33-error: [Scene] Buffer binding 'CCLocal' at set 2 binding 0 is not bounded
2022-04-25 07:24:33-error: [Scene] Buffer binding 'CCLocal' at set 2 binding 0 is not bounded
2022-04-25 07:24:33-error: [Scene] Buffer binding 'CCLocal' at set 2 binding 0 is not bounded
2022-04-25 07:24:33-error: [Scene] Buffer binding 'CCLocal' at set 2 binding 0 is not bounded
2022-04-25 07:24:33-error: [Scene] Buffer binding 'CCLocal' at set 2 binding 0 is not bounded
2022-04-25 07:24:33-error: [Scene] Buffer binding 'CCLocal' at set 2 binding 0 is not bounded
2022-04-25 07:24:33-error: [Scene] Buffer binding 'CCLocal' at set 2 binding 0 is not bounded
2022-04-25 07:24:33-error: [Scene] Buffer binding 'CCLocal' at set 2 binding 0 is not bounded
2022-04-25 07:24:33-error: [Scene] Buffer binding 'CCLocal' at set 2 binding 0 is not bounded
2022-04-25 07:24:33-error: [Scene] Buffer binding 'CCLocal' at set 2 binding 0 is not bounded
2022-04-25 07:24:33-error: [Scene] Buffer binding 'CCLocal' at set 2 binding 0 is not bounded
2022-04-25 07:24:33-error: [Scene] Buffer binding 'CCLocal' at set 2 binding 0 is not bounded
2022-04-25 07:24:35-error: [Scene] Buffer binding 'CCLocal' at set 2 binding 0 is not bounded
2022-04-25 07:24:35-error: [Scene] Buffer binding 'CCLocal' at set 2 binding 0 is not bounded
2022-04-25 07:24:35-error: [Scene] Buffer binding 'CCLocal' at set 2 binding 0 is not bounded
2022-04-25 07:24:35-error: [Scene] Buffer binding 'CCLocal' at set 2 binding 0 is not bounded
2022-04-25 07:24:35-error: [Scene] Buffer binding 'CCLocal' at set 2 binding 0 is not bounded
2022-04-25 07:24:35-error: [Scene] Buffer binding 'CCLocal' at set 2 binding 0 is not bounded
2022-04-25 07:24:35-error: [Scene] Buffer binding 'CCLocal' at set 2 binding 0 is not bounded
2022-04-25 07:24:35-error: [Scene] Buffer binding 'CCLocal' at set 2 binding 0 is not bounded
2022-04-25 07:24:35-error: [Scene] Buffer binding 'CCLocal' at set 2 binding 0 is not bounded
2022-04-25 07:24:35-error: [Scene] Buffer binding 'CCLocal' at set 2 binding 0 is not bounded
2022-04-25 07:24:35-error: [Scene] Buffer binding 'CCLocal' at set 2 binding 0 is not bounded
2022-04-25 07:24:35-error: [Scene] Buffer binding 'CCLocal' at set 2 binding 0 is not bounded
2022-04-25 07:24:35-error: [Scene] Buffer binding 'CCLocal' at set 2 binding 0 is not bounded
2022-04-25 07:24:35-error: [Scene] Buffer binding 'CCLocal' at set 2 binding 0 is not bounded
2022-04-25 07:24:35-error: [Scene] Buffer binding 'CCLocal' at set 2 binding 0 is not bounded
2022-04-25 07:24:35-error: [Scene] Buffer binding 'CCLocal' at set 2 binding 0 is not bounded
2022-04-25 07:24:35-error: [Scene] Buffer binding 'CCLocal' at set 2 binding 0 is not bounded
2022-04-25 07:24:35-error: [Scene] Buffer binding 'CCLocal' at set 2 binding 0 is not bounded
2022-04-25 07:24:35-error: [Scene] Buffer binding 'CCLocal' at set 2 binding 0 is not bounded
2022-04-25 07:24:35-error: [Scene] Buffer binding 'CCLocal' at set 2 binding 0 is not bounded
2022-04-25 07:24:36-error: [Scene] Buffer binding 'CCLocal' at set 2 binding 0 is not bounded
2022-04-25 07:24:36-error: [Scene] Buffer binding 'CCLocal' at set 2 binding 0 is not bounded
2022-04-25 07:24:42-error: [Scene] Buffer binding 'CCLocal' at set 2 binding 0 is not bounded
2022-04-25 07:24:42-error: [Scene] Buffer binding 'CCLocal' at set 2 binding 0 is not bounded
2022-04-25 07:24:42-error: [Scene] Buffer binding 'CCLocal' at set 2 binding 0 is not bounded
2022-04-25 07:24:42-error: [Scene] Buffer binding 'CCLocal' at set 2 binding 0 is not bounded
2022-04-25 08:47:34-warn: [Build] Browserslist: caniuse-lite is outdated. Please run:
npx browserslist@latest --update-db
2022-04-25 08:47:34-warn: [Build] Browserslist: caniuse-lite is outdated. Please run:
npx browserslist@latest --update-db

Why you should do it regularly:
https://github.com/browserslist/browserslist#browsers-data-updating
